<?xml version="1.0" encoding="UTF-8"?>
<!-- Generated by org.testng.reporters.JUnitReportReporter -->
<testsuite hostname="LAPTOP-7VII1ULP" failures="0" tests="5" name="parallelExecution.BrowserlaunchTest" time="428.994" errors="0" timestamp="2023-11-11T10:24:49 IST" skipped="0">
  <testcase classname="parallelExecution.BrowserlaunchTest" name="runScenario" time="69.671"/>
  <testcase classname="parallelExecution.BrowserlaunchTest" name="runScenario" time="105.636"/>
  <testcase classname="parallelExecution.BrowserlaunchTest" name="runScenario" time="147.841"/>
  <testcase classname="parallelExecution.BrowserlaunchTest" name="runScenario" time="62.583"/>
  <testcase classname="parallelExecution.BrowserlaunchTest" name="runScenario" time="43.263"/>
</testsuite> <!-- parallelExecution.BrowserlaunchTest -->
