<?xml version="1.0" encoding="UTF-8"?>
<!-- Generated by org.testng.reporters.JUnitReportReporter -->
<testsuite hostname="LAPTOP-7VII1ULP" failures="0" tests="4" name="parallel.RunnerTest" time="0.460" errors="0" timestamp="2023-11-11T10:24:49 IST" skipped="0">
  <testcase classname="parallel.RunnerTest" name="runScenario" time="0.115"/>
  <testcase classname="parallel.RunnerTest" name="runScenario" time="0.115"/>
  <testcase classname="parallel.RunnerTest" name="runScenario" time="0.115"/>
  <testcase classname="parallel.RunnerTest" name="runScenario" time="0.115"/>
</testsuite> <!-- parallel.RunnerTest -->
